0 info it worked if it ends with ok
1 verbose cli [ 'C:\\Program Files (x86)\\nodejs\\node.exe',
1 verbose cli   'C:\\Users\\Oriol Burgaya\\AppData\\Roaming\\npm\\node_modules\\npm\\bin\\npm-cli.js',
1 verbose cli   'install',
1 verbose cli   '-g',
1 verbose cli   'n' ]
2 info using npm@3.5.3
3 info using node@v4.2.4
4 silly loadCurrentTree Starting
5 silly install loadCurrentTree
6 silly install readGlobalPackageData
7 silly fetchPackageMetaData n
8 silly fetchNamedPackageData n
9 silly mapToRegistry name n
10 silly mapToRegistry using default registry
11 silly mapToRegistry registry https://registry.npmjs.org/
12 silly mapToRegistry uri https://registry.npmjs.org/n
13 verbose request uri https://registry.npmjs.org/n
14 verbose request no auth needed
15 info attempt registry request try #1 at 01:20:42
16 verbose request id adc499e9d3051ad2
17 http request GET https://registry.npmjs.org/n
18 http 200 https://registry.npmjs.org/n
19 verbose headers { server: 'CouchDB/1.5.0 (Erlang OTP/R16B03)',
19 verbose headers   etag: '"CTPCVPXQBBTFXGD0OV413JYEC"',
19 verbose headers   'content-type': 'application/json',
19 verbose headers   'cache-control': 'max-age=300',
19 verbose headers   'content-length': '55781',
19 verbose headers   'accept-ranges': 'bytes',
19 verbose headers   date: 'Tue, 19 Jan 2016 00:20:43 GMT',
19 verbose headers   via: '1.1 varnish',
19 verbose headers   age: '31',
19 verbose headers   connection: 'keep-alive',
19 verbose headers   'x-served-by': 'cache-fra1244-FRA',
19 verbose headers   'x-cache': 'HIT',
19 verbose headers   'x-cache-hits': '1',
19 verbose headers   'x-timer': 'S1453162843.449390,VS0,VE0',
19 verbose headers   vary: 'Accept' }
20 silly get cb [ 200,
20 silly get   { server: 'CouchDB/1.5.0 (Erlang OTP/R16B03)',
20 silly get     etag: '"CTPCVPXQBBTFXGD0OV413JYEC"',
20 silly get     'content-type': 'application/json',
20 silly get     'cache-control': 'max-age=300',
20 silly get     'content-length': '55781',
20 silly get     'accept-ranges': 'bytes',
20 silly get     date: 'Tue, 19 Jan 2016 00:20:43 GMT',
20 silly get     via: '1.1 varnish',
20 silly get     age: '31',
20 silly get     connection: 'keep-alive',
20 silly get     'x-served-by': 'cache-fra1244-FRA',
20 silly get     'x-cache': 'HIT',
20 silly get     'x-cache-hits': '1',
20 silly get     'x-timer': 'S1453162843.449390,VS0,VE0',
20 silly get     vary: 'Accept' } ]
21 verbose get saving n to C:\Users\Oriol Burgaya\AppData\Roaming\npm-cache\registry.npmjs.org\n\.cache.json
22 silly install normalizeTree
23 silly loadCurrentTree Finishing
24 silly loadIdealTree Starting
25 silly install loadIdealTree
26 silly cloneCurrentTree Starting
27 silly install cloneCurrentTreeToIdealTree
28 silly cloneCurrentTree Finishing
29 silly loadShrinkwrap Starting
30 silly install loadShrinkwrap
31 silly loadShrinkwrap Finishing
32 silly loadAllDepsIntoIdealTree Starting
33 silly install loadAllDepsIntoIdealTree
34 silly rollbackFailedOptional Starting
35 silly rollbackFailedOptional Finishing
36 silly runTopLevelLifecycles Starting
37 silly runTopLevelLifecycles Finishing
38 silly install printInstalled
39 verbose stack Error: Unsupported
39 verbose stack     at checkPlatform (C:\Users\Oriol Burgaya\AppData\Roaming\npm\node_modules\npm\node_modules\npm-install-checks\index.js:46:14)
39 verbose stack     at Array.<anonymous> (C:\Users\Oriol Burgaya\AppData\Roaming\npm\node_modules\npm\node_modules\slide\lib\bind-actor.js:15:8)
39 verbose stack     at LOOP (C:\Users\Oriol Burgaya\AppData\Roaming\npm\node_modules\npm\node_modules\slide\lib\chain.js:15:14)
39 verbose stack     at C:\Users\Oriol Burgaya\AppData\Roaming\npm\node_modules\npm\node_modules\slide\lib\chain.js:18:7
39 verbose stack     at checkEngine (C:\Users\Oriol Burgaya\AppData\Roaming\npm\node_modules\npm\node_modules\npm-install-checks\index.js:25:10)
39 verbose stack     at Array.<anonymous> (C:\Users\Oriol Burgaya\AppData\Roaming\npm\node_modules\npm\node_modules\slide\lib\bind-actor.js:15:8)
39 verbose stack     at LOOP (C:\Users\Oriol Burgaya\AppData\Roaming\npm\node_modules\npm\node_modules\slide\lib\chain.js:15:14)
39 verbose stack     at chain (C:\Users\Oriol Burgaya\AppData\Roaming\npm\node_modules\npm\node_modules\slide\lib\chain.js:20:5)
39 verbose stack     at module.exports.isInstallable (C:\Users\Oriol Burgaya\AppData\Roaming\npm\node_modules\npm\lib\install\validate-args.js:26:3)
39 verbose stack     at Array.<anonymous> (C:\Users\Oriol Burgaya\AppData\Roaming\npm\node_modules\npm\node_modules\slide\lib\bind-actor.js:15:8)
40 verbose pkgid n@2.1.0
41 verbose cwd C:\Users\Oriol Burgaya\Documents\BurProjects\ProjecteMean\Burgtter
42 error Windows_NT 10.0.10240
43 error argv "C:\\Program Files (x86)\\nodejs\\node.exe" "C:\\Users\\Oriol Burgaya\\AppData\\Roaming\\npm\\node_modules\\npm\\bin\\npm-cli.js" "install" "-g" "n"
44 error node v4.2.4
45 error npm  v3.5.3
46 error code EBADPLATFORM
47 error notsup Not compatible with your operating system or architecture: n@2.1.0
48 error notsup Valid OS:    !win32
48 error notsup Valid Arch:  any
48 error notsup Actual OS:   win32
48 error notsup Actual Arch: ia32
49 verbose exit [ 1, true ]
